{"timestamp": 1749223694.8407419, "asctime": "2025-06-06 17:28:14,840", "name": "NBPB", "level": "INFO", "message": "NBPB Logging configured. Root Level: INFO, Main Format: json, File Output: nbpb.log, Console Output: True", "taskName": null}
{"timestamp": 1749223694.8420856, "asctime": "2025-06-06 17:28:14,842", "name": "NBPB.NBPB_Nucleus.watcher", "level": "INFO", "message": "Organ 'watcher' initialized.", "taskName": null}
{"timestamp": 1749223694.8435457, "asctime": "2025-06-06 17:28:14,843", "name": "NBPB.NBPB_Nucleus.watcher", "level": "INFO", "message": "WatcherOrgan configured with drift_threshold: 0.1, schema_validation: True, memory_threshold_mb: 1000", "taskName": null}
{"timestamp": 1749223694.844858, "asctime": "2025-06-06 17:28:14,844", "name": "NBPB.NBPB_Nucleus", "level": "INFO", "message": "Successfully initialized organ: watcher", "component": "NBPB_Nucleus", "taskName": null, "extra_data": {"component": "NBPB_Nucleus"}}
{"timestamp": 1749223694.84633, "asctime": "2025-06-06 17:28:14,846", "name": "NBPB.NBPB_Nucleus.immuno_guard", "level": "INFO", "message": "Organ 'immuno_guard' initialized.", "taskName": null}
{"timestamp": 1749223694.8471026, "asctime": "2025-06-06 17:28:14,847", "name": "NBPB.NBPB_Nucleus.immuno_guard", "level": "INFO", "message": "ImmunoGuardOrgan configured with correlation_threshold: 0.05, temporal_check: True", "taskName": null}
{"timestamp": 1749223694.8482995, "asctime": "2025-06-06 17:28:14,848", "name": "NBPB.NBPB_Nucleus", "level": "INFO", "message": "Successfully initialized organ: immuno_guard", "component": "NBPB_Nucleus", "taskName": null, "extra_data": {"component": "NBPB_Nucleus"}}
{"timestamp": 1749223694.849202, "asctime": "2025-06-06 17:28:14,849", "name": "NBPB.NBPB_Nucleus.loss_smith", "level": "INFO", "message": "Organ 'loss_smith' initialized.", "taskName": null}
{"timestamp": 1749223694.849956, "asctime": "2025-06-06 17:28:14,849", "name": "NBPB.NBPB_Nucleus.loss_smith", "level": "INFO", "message": "LossSmithOrgan initialized (Scaffold - full implementation in v0.2).", "taskName": null}
{"timestamp": 1749223694.8504488, "asctime": "2025-06-06 17:28:14,850", "name": "NBPB.NBPB_Nucleus", "level": "INFO", "message": "Successfully initialized organ: loss_smith", "component": "NBPB_Nucleus", "taskName": null, "extra_data": {"component": "NBPB_Nucleus"}}
{"timestamp": 1749223694.851241, "asctime": "2025-06-06 17:28:14,851", "name": "NBPB.NBPB_Nucleus.reverse_engine", "level": "INFO", "message": "Organ 'reverse_engine' initialized.", "taskName": null}
{"timestamp": 1749223694.8517842, "asctime": "2025-06-06 17:28:14,851", "name": "NBPB.NBPB_Nucleus.reverse_engine", "level": "INFO", "message": "ReverseEngineOrgan initialized (Scaffold - full implementation in v0.2).", "taskName": null}
{"timestamp": 1749223694.8524187, "asctime": "2025-06-06 17:28:14,852", "name": "NBPB.NBPB_Nucleus", "level": "INFO", "message": "Successfully initialized organ: reverse_engine", "component": "NBPB_Nucleus", "taskName": null, "extra_data": {"component": "NBPB_Nucleus"}}
{"timestamp": 1749223694.853356, "asctime": "2025-06-06 17:28:14,853", "name": "NBPB.NBPB_Nucleus.hormone_ctrl", "level": "INFO", "message": "Organ 'hormone_ctrl' initialized.", "taskName": null}
{"timestamp": 1749223694.8541143, "asctime": "2025-06-06 17:28:14,854", "name": "NBPB.NBPB_Nucleus.hormone_ctrl", "level": "INFO", "message": "HormoneCtrlOrgan 'hormone_ctrl' initialized (SCAFFOLD - full implementation in v0.2).", "taskName": null}
{"timestamp": 1749223694.8548186, "asctime": "2025-06-06 17:28:14,854", "name": "NBPB.NBPB_Nucleus", "level": "INFO", "message": "Successfully initialized organ: hormone_ctrl", "component": "NBPB_Nucleus", "taskName": null, "extra_data": {"component": "NBPB_Nucleus"}}
{"timestamp": 1749223694.855804, "asctime": "2025-06-06 17:28:14,855", "name": "NBPB.NBPB_Nucleus", "level": "INFO", "message": "Initialized 5 organs: ['watcher', 'immuno_guard', 'loss_smith', 'reverse_engine', 'hormone_ctrl']", "component": "NBPB_Nucleus", "taskName": null, "extra_data": {"component": "NBPB_Nucleus"}}
{"timestamp": 1749223694.856998, "asctime": "2025-06-06 17:28:14,856", "name": "NBPB.PyTorchHook", "level": "INFO", "message": "PyTorchHook initialized with NBPBNucleus instance.", "component": "PyTorchHook", "taskName": null, "extra_data": {"component": "PyTorchHook"}}
{"timestamp": 1749223769.507329, "asctime": "2025-06-06 17:29:29,507", "name": "NBPB", "level": "INFO", "message": "NBPB Logging configured. Root Level: INFO, Main Format: json, File Output: nbpb.log, Console Output: True", "taskName": null}
{"timestamp": 1749223769.5081208, "asctime": "2025-06-06 17:29:29,508", "name": "NBPB.NBPB_Nucleus.watcher", "level": "INFO", "message": "Organ 'watcher' initialized.", "taskName": null}
{"timestamp": 1749223769.5087376, "asctime": "2025-06-06 17:29:29,508", "name": "NBPB.NBPB_Nucleus.watcher", "level": "INFO", "message": "WatcherOrgan configured with drift_threshold: 0.1, schema_validation: True, memory_threshold_mb: 1000", "taskName": null}
{"timestamp": 1749223769.50945, "asctime": "2025-06-06 17:29:29,509", "name": "NBPB.NBPB_Nucleus", "level": "INFO", "message": "Successfully initialized organ: watcher", "component": "NBPB_Nucleus", "taskName": null, "extra_data": {"component": "NBPB_Nucleus"}}
{"timestamp": 1749223769.509974, "asctime": "2025-06-06 17:29:29,509", "name": "NBPB.NBPB_Nucleus.immuno_guard", "level": "INFO", "message": "Organ 'immuno_guard' initialized.", "taskName": null}
{"timestamp": 1749223769.5103333, "asctime": "2025-06-06 17:29:29,510", "name": "NBPB.NBPB_Nucleus.immuno_guard", "level": "INFO", "message": "ImmunoGuardOrgan configured with correlation_threshold: 0.05, temporal_check: True", "taskName": null}
{"timestamp": 1749223769.5106828, "asctime": "2025-06-06 17:29:29,510", "name": "NBPB.NBPB_Nucleus", "level": "INFO", "message": "Successfully initialized organ: immuno_guard", "component": "NBPB_Nucleus", "taskName": null, "extra_data": {"component": "NBPB_Nucleus"}}
{"timestamp": 1749223769.5114827, "asctime": "2025-06-06 17:29:29,511", "name": "NBPB.NBPB_Nucleus.loss_smith", "level": "INFO", "message": "Organ 'loss_smith' initialized.", "taskName": null}
{"timestamp": 1749223769.5121896, "asctime": "2025-06-06 17:29:29,512", "name": "NBPB.NBPB_Nucleus.loss_smith", "level": "INFO", "message": "LossSmithOrgan initialized (Scaffold - full implementation in v0.2).", "taskName": null}
{"timestamp": 1749223769.5129757, "asctime": "2025-06-06 17:29:29,512", "name": "NBPB.NBPB_Nucleus", "level": "INFO", "message": "Successfully initialized organ: loss_smith", "component": "NBPB_Nucleus", "taskName": null, "extra_data": {"component": "NBPB_Nucleus"}}
{"timestamp": 1749223769.5136993, "asctime": "2025-06-06 17:29:29,513", "name": "NBPB.NBPB_Nucleus.reverse_engine", "level": "INFO", "message": "Organ 'reverse_engine' initialized.", "taskName": null}
{"timestamp": 1749223769.5146294, "asctime": "2025-06-06 17:29:29,514", "name": "NBPB.NBPB_Nucleus.reverse_engine", "level": "INFO", "message": "ReverseEngineOrgan initialized (Scaffold - full implementation in v0.2).", "taskName": null}
{"timestamp": 1749223769.515552, "asctime": "2025-06-06 17:29:29,515", "name": "NBPB.NBPB_Nucleus", "level": "INFO", "message": "Successfully initialized organ: reverse_engine", "component": "NBPB_Nucleus", "taskName": null, "extra_data": {"component": "NBPB_Nucleus"}}
{"timestamp": 1749223769.5166273, "asctime": "2025-06-06 17:29:29,516", "name": "NBPB.NBPB_Nucleus.hormone_ctrl", "level": "INFO", "message": "Organ 'hormone_ctrl' initialized.", "taskName": null}
{"timestamp": 1749223769.517866, "asctime": "2025-06-06 17:29:29,517", "name": "NBPB.NBPB_Nucleus.hormone_ctrl", "level": "INFO", "message": "HormoneCtrlOrgan 'hormone_ctrl' initialized (SCAFFOLD - full implementation in v0.2).", "taskName": null}
{"timestamp": 1749223769.5189247, "asctime": "2025-06-06 17:29:29,518", "name": "NBPB.NBPB_Nucleus", "level": "INFO", "message": "Successfully initialized organ: hormone_ctrl", "component": "NBPB_Nucleus", "taskName": null, "extra_data": {"component": "NBPB_Nucleus"}}
{"timestamp": 1749223769.519735, "asctime": "2025-06-06 17:29:29,519", "name": "NBPB.NBPB_Nucleus", "level": "INFO", "message": "Initialized 5 organs: ['watcher', 'immuno_guard', 'loss_smith', 'reverse_engine', 'hormone_ctrl']", "component": "NBPB_Nucleus", "taskName": null, "extra_data": {"component": "NBPB_Nucleus"}}
{"timestamp": 1749223769.5201943, "asctime": "2025-06-06 17:29:29,520", "name": "NBPB.PyTorchHook", "level": "INFO", "message": "PyTorchHook initialized with NBPBNucleus instance.", "component": "PyTorchHook", "taskName": null, "extra_data": {"component": "PyTorchHook"}}
{"timestamp": 1749225083.1130514, "asctime": "2025-06-06 17:51:23,113", "name": "NBPB", "level": "INFO", "message": "NBPB Logging configured. Root Level: INFO, Main Format: json, File Output: nbpb.log, Console Output: True", "taskName": null}
{"timestamp": 1749225083.11342, "asctime": "2025-06-06 17:51:23,113", "name": "NBPB.NBPB_Nucleus.watcher", "level": "INFO", "message": "Organ 'watcher' initialized.", "taskName": null}
{"timestamp": 1749225083.1136062, "asctime": "2025-06-06 17:51:23,113", "name": "NBPB.NBPB_Nucleus.watcher", "level": "INFO", "message": "WatcherOrgan configured with drift_threshold: 0.1, schema_validation: True, memory_threshold_mb: 1000", "taskName": null}
{"timestamp": 1749225083.1137908, "asctime": "2025-06-06 17:51:23,113", "name": "NBPB.NBPB_Nucleus", "level": "INFO", "message": "Successfully initialized organ: watcher", "component": "NBPB_Nucleus", "taskName": null, "extra_data": {"component": "NBPB_Nucleus"}}
{"timestamp": 1749225083.114086, "asctime": "2025-06-06 17:51:23,114", "name": "NBPB.NBPB_Nucleus.immuno_guard", "level": "INFO", "message": "Organ 'immuno_guard' initialized.", "taskName": null}
{"timestamp": 1749225083.114229, "asctime": "2025-06-06 17:51:23,114", "name": "NBPB.NBPB_Nucleus.immuno_guard", "level": "INFO", "message": "ImmunoGuardOrgan configured with correlation_threshold: 0.05, temporal_check: True", "taskName": null}
{"timestamp": 1749225083.1143394, "asctime": "2025-06-06 17:51:23,114", "name": "NBPB.NBPB_Nucleus", "level": "INFO", "message": "Successfully initialized organ: immuno_guard", "component": "NBPB_Nucleus", "taskName": null, "extra_data": {"component": "NBPB_Nucleus"}}
{"timestamp": 1749225083.1145632, "asctime": "2025-06-06 17:51:23,114", "name": "NBPB.NBPB_Nucleus.loss_smith", "level": "INFO", "message": "Organ 'loss_smith' initialized.", "taskName": null}
{"timestamp": 1749225083.1147175, "asctime": "2025-06-06 17:51:23,114", "name": "NBPB.NBPB_Nucleus.loss_smith", "level": "INFO", "message": "LossSmithOrgan initialized (Scaffold - full implementation in v0.2).", "taskName": null}
{"timestamp": 1749225083.1149058, "asctime": "2025-06-06 17:51:23,114", "name": "NBPB.NBPB_Nucleus", "level": "INFO", "message": "Successfully initialized organ: loss_smith", "component": "NBPB_Nucleus", "taskName": null, "extra_data": {"component": "NBPB_Nucleus"}}
{"timestamp": 1749225083.1150558, "asctime": "2025-06-06 17:51:23,115", "name": "NBPB.NBPB_Nucleus.reverse_engine", "level": "INFO", "message": "Organ 'reverse_engine' initialized.", "taskName": null}
{"timestamp": 1749225083.1151893, "asctime": "2025-06-06 17:51:23,115", "name": "NBPB.NBPB_Nucleus.reverse_engine", "level": "INFO", "message": "ReverseEngineOrgan initialized (Scaffold - full implementation in v0.2).", "taskName": null}
{"timestamp": 1749225083.1153288, "asctime": "2025-06-06 17:51:23,115", "name": "NBPB.NBPB_Nucleus", "level": "INFO", "message": "Successfully initialized organ: reverse_engine", "component": "NBPB_Nucleus", "taskName": null, "extra_data": {"component": "NBPB_Nucleus"}}
{"timestamp": 1749225083.115517, "asctime": "2025-06-06 17:51:23,115", "name": "NBPB.NBPB_Nucleus.hormone_ctrl", "level": "INFO", "message": "Organ 'hormone_ctrl' initialized.", "taskName": null}
{"timestamp": 1749225083.1156979, "asctime": "2025-06-06 17:51:23,115", "name": "NBPB.NBPB_Nucleus.hormone_ctrl", "level": "INFO", "message": "HormoneCtrlOrgan 'hormone_ctrl' initialized (SCAFFOLD - full implementation in v0.2).", "taskName": null}
{"timestamp": 1749225083.115955, "asctime": "2025-06-06 17:51:23,115", "name": "NBPB.NBPB_Nucleus", "level": "INFO", "message": "Successfully initialized organ: hormone_ctrl", "component": "NBPB_Nucleus", "taskName": null, "extra_data": {"component": "NBPB_Nucleus"}}
{"timestamp": 1749225083.116506, "asctime": "2025-06-06 17:51:23,116", "name": "NBPB.NBPB_Nucleus", "level": "INFO", "message": "Initialized 5 organs: ['watcher', 'immuno_guard', 'loss_smith', 'reverse_engine', 'hormone_ctrl']", "component": "NBPB_Nucleus", "taskName": null, "extra_data": {"component": "NBPB_Nucleus"}}
{"timestamp": 1749225083.1169007, "asctime": "2025-06-06 17:51:23,116", "name": "NBPB.PyTorchHook", "level": "INFO", "message": "PyTorchHook initialized with NBPBNucleus instance.", "component": "PyTorchHook", "taskName": null, "extra_data": {"component": "PyTorchHook"}}
{"timestamp": 1749225181.6809084, "asctime": "2025-06-06 17:53:01,680", "name": "NBPB", "level": "INFO", "message": "NBPB Logging configured. Root Level: INFO, Main Format: json, File Output: nbpb.log, Console Output: True", "taskName": null}
{"timestamp": 1749225181.6811788, "asctime": "2025-06-06 17:53:01,681", "name": "NBPB.NBPB_Nucleus.watcher", "level": "INFO", "message": "Organ 'watcher' initialized.", "taskName": null}
{"timestamp": 1749225181.6813025, "asctime": "2025-06-06 17:53:01,681", "name": "NBPB.NBPB_Nucleus.watcher", "level": "INFO", "message": "WatcherOrgan configured with drift_threshold: 0.1, schema_validation: True, memory_threshold_mb: 1000", "taskName": null}
{"timestamp": 1749225181.6814055, "asctime": "2025-06-06 17:53:01,681", "name": "NBPB.NBPB_Nucleus", "level": "INFO", "message": "Successfully initialized organ: watcher", "component": "NBPB_Nucleus", "taskName": null, "extra_data": {"component": "NBPB_Nucleus"}}
{"timestamp": 1749225181.681511, "asctime": "2025-06-06 17:53:01,681", "name": "NBPB.NBPB_Nucleus.immuno_guard", "level": "INFO", "message": "Organ 'immuno_guard' initialized.", "taskName": null}
{"timestamp": 1749225181.6815882, "asctime": "2025-06-06 17:53:01,681", "name": "NBPB.NBPB_Nucleus.immuno_guard", "level": "INFO", "message": "ImmunoGuardOrgan configured with correlation_threshold: 0.05, temporal_check: True", "taskName": null}
{"timestamp": 1749225181.6816635, "asctime": "2025-06-06 17:53:01,681", "name": "NBPB.NBPB_Nucleus", "level": "INFO", "message": "Successfully initialized organ: immuno_guard", "component": "NBPB_Nucleus", "taskName": null, "extra_data": {"component": "NBPB_Nucleus"}}
{"timestamp": 1749225181.681754, "asctime": "2025-06-06 17:53:01,681", "name": "NBPB.NBPB_Nucleus.loss_smith", "level": "INFO", "message": "Organ 'loss_smith' initialized.", "taskName": null}
{"timestamp": 1749225181.68189, "asctime": "2025-06-06 17:53:01,681", "name": "NBPB.NBPB_Nucleus.loss_smith", "level": "INFO", "message": "LossSmithOrgan initialized (Scaffold - full implementation in v0.2).", "taskName": null}
{"timestamp": 1749225181.681967, "asctime": "2025-06-06 17:53:01,681", "name": "NBPB.NBPB_Nucleus", "level": "INFO", "message": "Successfully initialized organ: loss_smith", "component": "NBPB_Nucleus", "taskName": null, "extra_data": {"component": "NBPB_Nucleus"}}
{"timestamp": 1749225181.6821375, "asctime": "2025-06-06 17:53:01,682", "name": "NBPB.NBPB_Nucleus.reverse_engine", "level": "INFO", "message": "Organ 'reverse_engine' initialized.", "taskName": null}
{"timestamp": 1749225181.682307, "asctime": "2025-06-06 17:53:01,682", "name": "NBPB.NBPB_Nucleus.reverse_engine", "level": "INFO", "message": "ReverseEngineOrgan initialized (Scaffold - full implementation in v0.2).", "taskName": null}
{"timestamp": 1749225181.682399, "asctime": "2025-06-06 17:53:01,682", "name": "NBPB.NBPB_Nucleus", "level": "INFO", "message": "Successfully initialized organ: reverse_engine", "component": "NBPB_Nucleus", "taskName": null, "extra_data": {"component": "NBPB_Nucleus"}}
{"timestamp": 1749225181.6824896, "asctime": "2025-06-06 17:53:01,682", "name": "NBPB.NBPB_Nucleus.hormone_ctrl", "level": "INFO", "message": "Organ 'hormone_ctrl' initialized.", "taskName": null}
{"timestamp": 1749225181.6826005, "asctime": "2025-06-06 17:53:01,682", "name": "NBPB.NBPB_Nucleus.hormone_ctrl", "level": "INFO", "message": "HormoneCtrlOrgan 'hormone_ctrl' initialized (SCAFFOLD - full implementation in v0.2).", "taskName": null}
{"timestamp": 1749225181.682796, "asctime": "2025-06-06 17:53:01,682", "name": "NBPB.NBPB_Nucleus", "level": "INFO", "message": "Successfully initialized organ: hormone_ctrl", "component": "NBPB_Nucleus", "taskName": null, "extra_data": {"component": "NBPB_Nucleus"}}
{"timestamp": 1749225181.6828747, "asctime": "2025-06-06 17:53:01,682", "name": "NBPB.NBPB_Nucleus", "level": "INFO", "message": "Initialized 5 organs: ['watcher', 'immuno_guard', 'loss_smith', 'reverse_engine', 'hormone_ctrl']", "component": "NBPB_Nucleus", "taskName": null, "extra_data": {"component": "NBPB_Nucleus"}}
{"timestamp": 1749225181.683239, "asctime": "2025-06-06 17:53:01,683", "name": "NBPB.PyTorchHook", "level": "INFO", "message": "PyTorchHook initialized with NBPBNucleus instance.", "component": "PyTorchHook", "taskName": null, "extra_data": {"component": "PyTorchHook"}}
{"timestamp": 1749225521.4705908, "asctime": "2025-06-06 17:58:41,470", "name": "NBPB", "level": "INFO", "message": "NBPB Logging configured. Root Level: INFO, Main Format: json, File Output: nbpb.log, Console Output: True", "taskName": null}
{"timestamp": 1749225521.4709394, "asctime": "2025-06-06 17:58:41,470", "name": "NBPB.NBPB_Nucleus.watcher", "level": "INFO", "message": "Organ 'watcher' initialized.", "taskName": null}
{"timestamp": 1749225521.4711294, "asctime": "2025-06-06 17:58:41,471", "name": "NBPB.NBPB_Nucleus.watcher", "level": "INFO", "message": "WatcherOrgan configured with drift_threshold: 0.1, schema_validation: True, memory_threshold_mb: 1000", "taskName": null}
{"timestamp": 1749225521.4712908, "asctime": "2025-06-06 17:58:41,471", "name": "NBPB.NBPB_Nucleus", "level": "INFO", "message": "Successfully initialized organ: watcher", "component": "NBPB_Nucleus", "taskName": null, "extra_data": {"component": "NBPB_Nucleus"}}
{"timestamp": 1749225521.4714262, "asctime": "2025-06-06 17:58:41,471", "name": "NBPB.NBPB_Nucleus.immuno_guard", "level": "INFO", "message": "Organ 'immuno_guard' initialized.", "taskName": null}
{"timestamp": 1749225521.4715693, "asctime": "2025-06-06 17:58:41,471", "name": "NBPB.NBPB_Nucleus.immuno_guard", "level": "INFO", "message": "ImmunoGuardOrgan configured with correlation_threshold: 0.05, temporal_check: True", "taskName": null}
{"timestamp": 1749225521.471688, "asctime": "2025-06-06 17:58:41,471", "name": "NBPB.NBPB_Nucleus", "level": "INFO", "message": "Successfully initialized organ: immuno_guard", "component": "NBPB_Nucleus", "taskName": null, "extra_data": {"component": "NBPB_Nucleus"}}
{"timestamp": 1749225521.4718173, "asctime": "2025-06-06 17:58:41,471", "name": "NBPB.NBPB_Nucleus.loss_smith", "level": "INFO", "message": "Organ 'loss_smith' initialized.", "taskName": null}
{"timestamp": 1749225521.4719393, "asctime": "2025-06-06 17:58:41,471", "name": "NBPB.NBPB_Nucleus.loss_smith", "level": "INFO", "message": "LossSmithOrgan initialized (Scaffold - full implementation in v0.2).", "taskName": null}
{"timestamp": 1749225521.4720397, "asctime": "2025-06-06 17:58:41,472", "name": "NBPB.NBPB_Nucleus", "level": "INFO", "message": "Successfully initialized organ: loss_smith", "component": "NBPB_Nucleus", "taskName": null, "extra_data": {"component": "NBPB_Nucleus"}}
{"timestamp": 1749225521.4721854, "asctime": "2025-06-06 17:58:41,472", "name": "NBPB.NBPB_Nucleus.reverse_engine", "level": "INFO", "message": "Organ 'reverse_engine' initialized.", "taskName": null}
{"timestamp": 1749225521.472387, "asctime": "2025-06-06 17:58:41,472", "name": "NBPB.NBPB_Nucleus.reverse_engine", "level": "INFO", "message": "ReverseEngineOrgan initialized (Scaffold - full implementation in v0.2).", "taskName": null}
{"timestamp": 1749225521.4724927, "asctime": "2025-06-06 17:58:41,472", "name": "NBPB.NBPB_Nucleus", "level": "INFO", "message": "Successfully initialized organ: reverse_engine", "component": "NBPB_Nucleus", "taskName": null, "extra_data": {"component": "NBPB_Nucleus"}}
{"timestamp": 1749225521.4727516, "asctime": "2025-06-06 17:58:41,472", "name": "NBPB.NBPB_Nucleus.hormone_ctrl", "level": "INFO", "message": "Organ 'hormone_ctrl' initialized.", "taskName": null}
{"timestamp": 1749225521.473101, "asctime": "2025-06-06 17:58:41,473", "name": "NBPB.NBPB_Nucleus.hormone_ctrl", "level": "INFO", "message": "HormoneCtrlOrgan 'hormone_ctrl' initialized (SCAFFOLD - full implementation in v0.2).", "taskName": null}
{"timestamp": 1749225521.473404, "asctime": "2025-06-06 17:58:41,473", "name": "NBPB.NBPB_Nucleus", "level": "INFO", "message": "Successfully initialized organ: hormone_ctrl", "component": "NBPB_Nucleus", "taskName": null, "extra_data": {"component": "NBPB_Nucleus"}}
{"timestamp": 1749225521.47368, "asctime": "2025-06-06 17:58:41,473", "name": "NBPB.NBPB_Nucleus", "level": "INFO", "message": "Initialized 5 organs: ['watcher', 'immuno_guard', 'loss_smith', 'reverse_engine', 'hormone_ctrl']", "component": "NBPB_Nucleus", "taskName": null, "extra_data": {"component": "NBPB_Nucleus"}}
{"timestamp": 1749225521.4739332, "asctime": "2025-06-06 17:58:41,473", "name": "NBPB.PyTorchHook", "level": "INFO", "message": "PyTorchHook initialized with NBPBNucleus instance.", "component": "PyTorchHook", "taskName": null, "extra_data": {"component": "PyTorchHook"}}
{"timestamp": 1749225571.1845844, "asctime": "2025-06-06 17:59:31,184", "name": "NBPB", "level": "INFO", "message": "NBPB Logging configured. Root Level: INFO, Main Format: json, File Output: nbpb.log, Console Output: True", "taskName": null}
{"timestamp": 1749225571.1850626, "asctime": "2025-06-06 17:59:31,185", "name": "NBPB.NBPB_Nucleus.watcher", "level": "INFO", "message": "Organ 'watcher' initialized.", "taskName": null}
{"timestamp": 1749225571.1853008, "asctime": "2025-06-06 17:59:31,185", "name": "NBPB.NBPB_Nucleus.watcher", "level": "INFO", "message": "WatcherOrgan configured with drift_threshold: 0.1, schema_validation: True, memory_threshold_mb: 1000", "taskName": null}
{"timestamp": 1749225571.1854868, "asctime": "2025-06-06 17:59:31,185", "name": "NBPB.NBPB_Nucleus", "level": "INFO", "message": "Successfully initialized organ: watcher", "component": "NBPB_Nucleus", "taskName": null, "extra_data": {"component": "NBPB_Nucleus"}}
{"timestamp": 1749225571.1856713, "asctime": "2025-06-06 17:59:31,185", "name": "NBPB.NBPB_Nucleus.immuno_guard", "level": "INFO", "message": "Organ 'immuno_guard' initialized.", "taskName": null}
{"timestamp": 1749225571.185799, "asctime": "2025-06-06 17:59:31,185", "name": "NBPB.NBPB_Nucleus.immuno_guard", "level": "INFO", "message": "ImmunoGuardOrgan configured with correlation_threshold: 0.05, temporal_check: True", "taskName": null}
{"timestamp": 1749225571.185898, "asctime": "2025-06-06 17:59:31,185", "name": "NBPB.NBPB_Nucleus", "level": "INFO", "message": "Successfully initialized organ: immuno_guard", "component": "NBPB_Nucleus", "taskName": null, "extra_data": {"component": "NBPB_Nucleus"}}
{"timestamp": 1749225571.1860423, "asctime": "2025-06-06 17:59:31,186", "name": "NBPB.NBPB_Nucleus.loss_smith", "level": "INFO", "message": "Organ 'loss_smith' initialized.", "taskName": null}
{"timestamp": 1749225571.1861672, "asctime": "2025-06-06 17:59:31,186", "name": "NBPB.NBPB_Nucleus.loss_smith", "level": "INFO", "message": "LossSmithOrgan initialized (Scaffold - full implementation in v0.2).", "taskName": null}
{"timestamp": 1749225571.1862729, "asctime": "2025-06-06 17:59:31,186", "name": "NBPB.NBPB_Nucleus", "level": "INFO", "message": "Successfully initialized organ: loss_smith", "component": "NBPB_Nucleus", "taskName": null, "extra_data": {"component": "NBPB_Nucleus"}}
{"timestamp": 1749225571.1863768, "asctime": "2025-06-06 17:59:31,186", "name": "NBPB.NBPB_Nucleus.reverse_engine", "level": "INFO", "message": "Organ 'reverse_engine' initialized.", "taskName": null}
{"timestamp": 1749225571.186449, "asctime": "2025-06-06 17:59:31,186", "name": "NBPB.NBPB_Nucleus.reverse_engine", "level": "INFO", "message": "ReverseEngineOrgan initialized (Scaffold - full implementation in v0.2).", "taskName": null}
{"timestamp": 1749225571.1865737, "asctime": "2025-06-06 17:59:31,186", "name": "NBPB.NBPB_Nucleus", "level": "INFO", "message": "Successfully initialized organ: reverse_engine", "component": "NBPB_Nucleus", "taskName": null, "extra_data": {"component": "NBPB_Nucleus"}}
{"timestamp": 1749225571.1866746, "asctime": "2025-06-06 17:59:31,186", "name": "NBPB.NBPB_Nucleus.hormone_ctrl", "level": "INFO", "message": "Organ 'hormone_ctrl' initialized.", "taskName": null}
{"timestamp": 1749225571.186815, "asctime": "2025-06-06 17:59:31,186", "name": "NBPB.NBPB_Nucleus.hormone_ctrl", "level": "INFO", "message": "HormoneCtrlOrgan 'hormone_ctrl' initialized (SCAFFOLD - full implementation in v0.2).", "taskName": null}
{"timestamp": 1749225571.187186, "asctime": "2025-06-06 17:59:31,187", "name": "NBPB.NBPB_Nucleus", "level": "INFO", "message": "Successfully initialized organ: hormone_ctrl", "component": "NBPB_Nucleus", "taskName": null, "extra_data": {"component": "NBPB_Nucleus"}}
{"timestamp": 1749225571.1880417, "asctime": "2025-06-06 17:59:31,188", "name": "NBPB.NBPB_Nucleus", "level": "INFO", "message": "Initialized 5 organs: ['watcher', 'immuno_guard', 'loss_smith', 'reverse_engine', 'hormone_ctrl']", "component": "NBPB_Nucleus", "taskName": null, "extra_data": {"component": "NBPB_Nucleus"}}
{"timestamp": 1749225571.188355, "asctime": "2025-06-06 17:59:31,188", "name": "NBPB.PyTorchHook", "level": "INFO", "message": "PyTorchHook initialized with NBPBNucleus instance.", "component": "PyTorchHook", "taskName": null, "extra_data": {"component": "PyTorchHook"}}
{"timestamp": 1749225757.668394, "asctime": "2025-06-06 18:02:37,668", "name": "NBPB", "level": "INFO", "message": "NBPB Logging configured. Root Level: INFO, Main Format: json, File Output: nbpb.log, Console Output: True", "taskName": null}
{"timestamp": 1749225757.6687667, "asctime": "2025-06-06 18:02:37,668", "name": "NBPB.NBPB_Nucleus.watcher", "level": "INFO", "message": "Organ 'watcher' initialized.", "taskName": null}
{"timestamp": 1749225757.6688974, "asctime": "2025-06-06 18:02:37,668", "name": "NBPB.NBPB_Nucleus.watcher", "level": "INFO", "message": "WatcherOrgan configured with drift_threshold: 0.1, schema_validation: True, memory_threshold_mb: 1000", "taskName": null}
{"timestamp": 1749225757.6690001, "asctime": "2025-06-06 18:02:37,669", "name": "NBPB.NBPB_Nucleus", "level": "INFO", "message": "Successfully initialized organ: watcher", "component": "NBPB_Nucleus", "taskName": null, "extra_data": {"component": "NBPB_Nucleus"}}
{"timestamp": 1749225757.6691358, "asctime": "2025-06-06 18:02:37,669", "name": "NBPB.NBPB_Nucleus.immuno_guard", "level": "INFO", "message": "Organ 'immuno_guard' initialized.", "taskName": null}
{"timestamp": 1749225757.669232, "asctime": "2025-06-06 18:02:37,669", "name": "NBPB.NBPB_Nucleus.immuno_guard", "level": "INFO", "message": "ImmunoGuardOrgan configured with correlation_threshold: 0.05, temporal_check: True", "taskName": null}
{"timestamp": 1749225757.6693194, "asctime": "2025-06-06 18:02:37,669", "name": "NBPB.NBPB_Nucleus", "level": "INFO", "message": "Successfully initialized organ: immuno_guard", "component": "NBPB_Nucleus", "taskName": null, "extra_data": {"component": "NBPB_Nucleus"}}
{"timestamp": 1749225757.6694174, "asctime": "2025-06-06 18:02:37,669", "name": "NBPB.NBPB_Nucleus.loss_smith", "level": "INFO", "message": "Organ 'loss_smith' initialized.", "taskName": null}
{"timestamp": 1749225757.6694975, "asctime": "2025-06-06 18:02:37,669", "name": "NBPB.NBPB_Nucleus.loss_smith", "level": "INFO", "message": "LossSmithOrgan initialized (Scaffold - full implementation in v0.2).", "taskName": null}
{"timestamp": 1749225757.6695797, "asctime": "2025-06-06 18:02:37,669", "name": "NBPB.NBPB_Nucleus", "level": "INFO", "message": "Successfully initialized organ: loss_smith", "component": "NBPB_Nucleus", "taskName": null, "extra_data": {"component": "NBPB_Nucleus"}}
{"timestamp": 1749225757.6697166, "asctime": "2025-06-06 18:02:37,669", "name": "NBPB.NBPB_Nucleus.reverse_engine", "level": "INFO", "message": "Organ 'reverse_engine' initialized.", "taskName": null}
{"timestamp": 1749225757.6697965, "asctime": "2025-06-06 18:02:37,669", "name": "NBPB.NBPB_Nucleus.reverse_engine", "level": "INFO", "message": "ReverseEngineOrgan initialized (Scaffold - full implementation in v0.2).", "taskName": null}
{"timestamp": 1749225757.6698613, "asctime": "2025-06-06 18:02:37,669", "name": "NBPB.NBPB_Nucleus", "level": "INFO", "message": "Successfully initialized organ: reverse_engine", "component": "NBPB_Nucleus", "taskName": null, "extra_data": {"component": "NBPB_Nucleus"}}
{"timestamp": 1749225757.6699376, "asctime": "2025-06-06 18:02:37,669", "name": "NBPB.NBPB_Nucleus.hormone_ctrl", "level": "INFO", "message": "Organ 'hormone_ctrl' initialized.", "taskName": null}
{"timestamp": 1749225757.6700084, "asctime": "2025-06-06 18:02:37,670", "name": "NBPB.NBPB_Nucleus.hormone_ctrl", "level": "INFO", "message": "HormoneCtrlOrgan 'hormone_ctrl' initialized (SCAFFOLD - full implementation in v0.2).", "taskName": null}
{"timestamp": 1749225757.6703634, "asctime": "2025-06-06 18:02:37,670", "name": "NBPB.NBPB_Nucleus", "level": "INFO", "message": "Successfully initialized organ: hormone_ctrl", "component": "NBPB_Nucleus", "taskName": null, "extra_data": {"component": "NBPB_Nucleus"}}
{"timestamp": 1749225757.670586, "asctime": "2025-06-06 18:02:37,670", "name": "NBPB.NBPB_Nucleus", "level": "INFO", "message": "Initialized 5 organs: ['watcher', 'immuno_guard', 'loss_smith', 'reverse_engine', 'hormone_ctrl']", "component": "NBPB_Nucleus", "taskName": null, "extra_data": {"component": "NBPB_Nucleus"}}
{"timestamp": 1749225757.6708574, "asctime": "2025-06-06 18:02:37,670", "name": "NBPB.PyTorchHook", "level": "INFO", "message": "PyTorchHook initialized with NBPBNucleus instance.", "component": "PyTorchHook", "taskName": null, "extra_data": {"component": "PyTorchHook"}}
{"timestamp": 1749226160.9688008, "asctime": "2025-06-06 18:09:20,968", "name": "NBPB", "level": "INFO", "message": "NBPB Logging configured. Root Level: INFO, Main Format: json, File Output: nbpb.log, Console Output: True", "taskName": null}
{"timestamp": 1749226160.9691248, "asctime": "2025-06-06 18:09:20,969", "name": "NBPB.NBPB_Nucleus.watcher", "level": "INFO", "message": "Organ 'watcher' initialized.", "taskName": null}
{"timestamp": 1749226160.969251, "asctime": "2025-06-06 18:09:20,969", "name": "NBPB.NBPB_Nucleus.watcher", "level": "INFO", "message": "WatcherOrgan configured with drift_threshold: 0.1, schema_validation: True, memory_threshold_mb: 1000", "taskName": null}
{"timestamp": 1749226160.9693491, "asctime": "2025-06-06 18:09:20,969", "name": "NBPB.NBPB_Nucleus", "level": "INFO", "message": "Successfully initialized organ: watcher", "component": "NBPB_Nucleus", "taskName": null, "extra_data": {"component": "NBPB_Nucleus"}}
{"timestamp": 1749226160.9694445, "asctime": "2025-06-06 18:09:20,969", "name": "NBPB.NBPB_Nucleus.immuno_guard", "level": "INFO", "message": "Organ 'immuno_guard' initialized.", "taskName": null}
{"timestamp": 1749226160.969516, "asctime": "2025-06-06 18:09:20,969", "name": "NBPB.NBPB_Nucleus.immuno_guard", "level": "INFO", "message": "ImmunoGuardOrgan configured with correlation_threshold: 0.05, temporal_check: True", "taskName": null}
{"timestamp": 1749226160.9695864, "asctime": "2025-06-06 18:09:20,969", "name": "NBPB.NBPB_Nucleus", "level": "INFO", "message": "Successfully initialized organ: immuno_guard", "component": "NBPB_Nucleus", "taskName": null, "extra_data": {"component": "NBPB_Nucleus"}}
{"timestamp": 1749226160.9696696, "asctime": "2025-06-06 18:09:20,969", "name": "NBPB.NBPB_Nucleus.loss_smith", "level": "INFO", "message": "Organ 'loss_smith' initialized.", "taskName": null}
{"timestamp": 1749226160.9699962, "asctime": "2025-06-06 18:09:20,969", "name": "NBPB.NBPB_Nucleus.loss_smith", "level": "INFO", "message": "LossSmithOrgan initialized (Scaffold - full implementation in v0.2).", "taskName": null}
{"timestamp": 1749226160.9703188, "asctime": "2025-06-06 18:09:20,970", "name": "NBPB.NBPB_Nucleus", "level": "INFO", "message": "Successfully initialized organ: loss_smith", "component": "NBPB_Nucleus", "taskName": null, "extra_data": {"component": "NBPB_Nucleus"}}
{"timestamp": 1749226160.9706228, "asctime": "2025-06-06 18:09:20,970", "name": "NBPB.NBPB_Nucleus.reverse_engine", "level": "INFO", "message": "Organ 'reverse_engine' initialized.", "taskName": null}
{"timestamp": 1749226160.9708169, "asctime": "2025-06-06 18:09:20,970", "name": "NBPB.NBPB_Nucleus.reverse_engine", "level": "INFO", "message": "ReverseEngineOrgan initialized (Scaffold - full implementation in v0.2).", "taskName": null}
{"timestamp": 1749226160.9711108, "asctime": "2025-06-06 18:09:20,971", "name": "NBPB.NBPB_Nucleus", "level": "INFO", "message": "Successfully initialized organ: reverse_engine", "component": "NBPB_Nucleus", "taskName": null, "extra_data": {"component": "NBPB_Nucleus"}}
{"timestamp": 1749226160.9714687, "asctime": "2025-06-06 18:09:20,971", "name": "NBPB.NBPB_Nucleus.hormone_ctrl", "level": "INFO", "message": "Organ 'hormone_ctrl' initialized.", "taskName": null}
{"timestamp": 1749226160.971728, "asctime": "2025-06-06 18:09:20,971", "name": "NBPB.NBPB_Nucleus.hormone_ctrl", "level": "INFO", "message": "HormoneCtrlOrgan 'hormone_ctrl' initialized (SCAFFOLD - full implementation in v0.2).", "taskName": null}
{"timestamp": 1749226160.971977, "asctime": "2025-06-06 18:09:20,971", "name": "NBPB.NBPB_Nucleus", "level": "INFO", "message": "Successfully initialized organ: hormone_ctrl", "component": "NBPB_Nucleus", "taskName": null, "extra_data": {"component": "NBPB_Nucleus"}}
{"timestamp": 1749226160.972315, "asctime": "2025-06-06 18:09:20,972", "name": "NBPB.NBPB_Nucleus", "level": "INFO", "message": "Initialized 5 organs: ['watcher', 'immuno_guard', 'loss_smith', 'reverse_engine', 'hormone_ctrl']", "component": "NBPB_Nucleus", "taskName": null, "extra_data": {"component": "NBPB_Nucleus"}}
{"timestamp": 1749226160.9728112, "asctime": "2025-06-06 18:09:20,972", "name": "NBPB.PyTorchHook", "level": "INFO", "message": "PyTorchHook initialized with NBPBNucleus instance.", "component": "PyTorchHook", "taskName": null, "extra_data": {"component": "PyTorchHook"}}
{"timestamp": 1749226244.5257356, "asctime": "2025-06-06 18:10:44,525", "name": "NBPB", "level": "INFO", "message": "NBPB Logging configured. Root Level: INFO, Main Format: json, File Output: nbpb.log, Console Output: True", "taskName": null}
{"timestamp": 1749226244.5259774, "asctime": "2025-06-06 18:10:44,525", "name": "NBPB.NBPB_Nucleus.watcher", "level": "INFO", "message": "Organ 'watcher' initialized.", "taskName": null}
{"timestamp": 1749226244.5261157, "asctime": "2025-06-06 18:10:44,526", "name": "NBPB.NBPB_Nucleus.watcher", "level": "INFO", "message": "WatcherOrgan configured with drift_threshold: 0.1, schema_validation: True, memory_threshold_mb: 1000", "taskName": null}
{"timestamp": 1749226244.526277, "asctime": "2025-06-06 18:10:44,526", "name": "NBPB.NBPB_Nucleus", "level": "INFO", "message": "Successfully initialized organ: watcher", "component": "NBPB_Nucleus", "taskName": null, "extra_data": {"component": "NBPB_Nucleus"}}
{"timestamp": 1749226244.5264006, "asctime": "2025-06-06 18:10:44,526", "name": "NBPB.NBPB_Nucleus.immuno_guard", "level": "INFO", "message": "Organ 'immuno_guard' initialized.", "taskName": null}
{"timestamp": 1749226244.5264952, "asctime": "2025-06-06 18:10:44,526", "name": "NBPB.NBPB_Nucleus.immuno_guard", "level": "INFO", "message": "ImmunoGuardOrgan configured with correlation_threshold: 0.05, temporal_check: True", "taskName": null}
{"timestamp": 1749226244.5265813, "asctime": "2025-06-06 18:10:44,526", "name": "NBPB.NBPB_Nucleus", "level": "INFO", "message": "Successfully initialized organ: immuno_guard", "component": "NBPB_Nucleus", "taskName": null, "extra_data": {"component": "NBPB_Nucleus"}}
{"timestamp": 1749226244.526811, "asctime": "2025-06-06 18:10:44,526", "name": "NBPB.NBPB_Nucleus.loss_smith", "level": "INFO", "message": "Organ 'loss_smith' initialized.", "taskName": null}
{"timestamp": 1749226244.527019, "asctime": "2025-06-06 18:10:44,527", "name": "NBPB.NBPB_Nucleus.loss_smith", "level": "INFO", "message": "LossSmithOrgan initialized (Scaffold - full implementation in v0.2).", "taskName": null}
{"timestamp": 1749226244.5271761, "asctime": "2025-06-06 18:10:44,527", "name": "NBPB.NBPB_Nucleus", "level": "INFO", "message": "Successfully initialized organ: loss_smith", "component": "NBPB_Nucleus", "taskName": null, "extra_data": {"component": "NBPB_Nucleus"}}
{"timestamp": 1749226244.5273216, "asctime": "2025-06-06 18:10:44,527", "name": "NBPB.NBPB_Nucleus.reverse_engine", "level": "INFO", "message": "Organ 'reverse_engine' initialized.", "taskName": null}
{"timestamp": 1749226244.5274541, "asctime": "2025-06-06 18:10:44,527", "name": "NBPB.NBPB_Nucleus.reverse_engine", "level": "INFO", "message": "ReverseEngineOrgan initialized (Scaffold - full implementation in v0.2).", "taskName": null}
{"timestamp": 1749226244.5276294, "asctime": "2025-06-06 18:10:44,527", "name": "NBPB.NBPB_Nucleus", "level": "INFO", "message": "Successfully initialized organ: reverse_engine", "component": "NBPB_Nucleus", "taskName": null, "extra_data": {"component": "NBPB_Nucleus"}}
{"timestamp": 1749226244.527891, "asctime": "2025-06-06 18:10:44,527", "name": "NBPB.NBPB_Nucleus.hormone_ctrl", "level": "INFO", "message": "Organ 'hormone_ctrl' initialized.", "taskName": null}
{"timestamp": 1749226244.528046, "asctime": "2025-06-06 18:10:44,528", "name": "NBPB.NBPB_Nucleus.hormone_ctrl", "level": "INFO", "message": "HormoneCtrlOrgan 'hormone_ctrl' initialized (SCAFFOLD - full implementation in v0.2).", "taskName": null}
{"timestamp": 1749226244.528241, "asctime": "2025-06-06 18:10:44,528", "name": "NBPB.NBPB_Nucleus", "level": "INFO", "message": "Successfully initialized organ: hormone_ctrl", "component": "NBPB_Nucleus", "taskName": null, "extra_data": {"component": "NBPB_Nucleus"}}
{"timestamp": 1749226244.5284812, "asctime": "2025-06-06 18:10:44,528", "name": "NBPB.NBPB_Nucleus", "level": "INFO", "message": "Initialized 5 organs: ['watcher', 'immuno_guard', 'loss_smith', 'reverse_engine', 'hormone_ctrl']", "component": "NBPB_Nucleus", "taskName": null, "extra_data": {"component": "NBPB_Nucleus"}}
{"timestamp": 1749226244.5287488, "asctime": "2025-06-06 18:10:44,528", "name": "NBPB.PyTorchHook", "level": "INFO", "message": "PyTorchHook initialized with NBPBNucleus instance.", "component": "PyTorchHook", "taskName": null, "extra_data": {"component": "PyTorchHook"}}
{"timestamp": 1749230213.6275644, "asctime": "2025-06-06 19:16:53,627", "name": "NBPB", "level": "INFO", "message": "NBPB Logging configured. Root Level: INFO, Main Format: json, File Output: nbpb.log, Console Output: True", "taskName": null}
{"timestamp": 1749230213.6278837, "asctime": "2025-06-06 19:16:53,627", "name": "NBPB.NBPB_Nucleus.watcher", "level": "INFO", "message": "Organ 'watcher' initialized.", "taskName": null}
{"timestamp": 1749230213.6279933, "asctime": "2025-06-06 19:16:53,627", "name": "NBPB.NBPB_Nucleus.watcher", "level": "INFO", "message": "WatcherOrgan configured with drift_threshold: 0.1, schema_validation: True, memory_threshold_mb: 1000", "taskName": null}
{"timestamp": 1749230213.628085, "asctime": "2025-06-06 19:16:53,628", "name": "NBPB.NBPB_Nucleus", "level": "INFO", "message": "Successfully initialized organ: watcher", "component": "NBPB_Nucleus", "taskName": null, "extra_data": {"component": "NBPB_Nucleus"}}
{"timestamp": 1749230213.62818, "asctime": "2025-06-06 19:16:53,628", "name": "NBPB.NBPB_Nucleus.immuno_guard", "level": "INFO", "message": "Organ 'immuno_guard' initialized.", "taskName": null}
{"timestamp": 1749230213.6282816, "asctime": "2025-06-06 19:16:53,628", "name": "NBPB.NBPB_Nucleus.immuno_guard", "level": "INFO", "message": "ImmunoGuardOrgan configured with correlation_threshold: 0.05, temporal_check: True", "taskName": null}
{"timestamp": 1749230213.6283584, "asctime": "2025-06-06 19:16:53,628", "name": "NBPB.NBPB_Nucleus", "level": "INFO", "message": "Successfully initialized organ: immuno_guard", "component": "NBPB_Nucleus", "taskName": null, "extra_data": {"component": "NBPB_Nucleus"}}
{"timestamp": 1749230213.6286545, "asctime": "2025-06-06 19:16:53,628", "name": "NBPB.NBPB_Nucleus.loss_smith", "level": "INFO", "message": "Organ 'loss_smith' initialized.", "taskName": null}
{"timestamp": 1749230213.6288724, "asctime": "2025-06-06 19:16:53,628", "name": "NBPB.NBPB_Nucleus.loss_smith", "level": "INFO", "message": "LossSmithOrgan initialized (Scaffold - full implementation in v0.2).", "taskName": null}
{"timestamp": 1749230213.62905, "asctime": "2025-06-06 19:16:53,629", "name": "NBPB.NBPB_Nucleus", "level": "INFO", "message": "Successfully initialized organ: loss_smith", "component": "NBPB_Nucleus", "taskName": null, "extra_data": {"component": "NBPB_Nucleus"}}
{"timestamp": 1749230213.6292639, "asctime": "2025-06-06 19:16:53,629", "name": "NBPB.NBPB_Nucleus.reverse_engine", "level": "INFO", "message": "Organ 'reverse_engine' initialized.", "taskName": null}
{"timestamp": 1749230213.6293676, "asctime": "2025-06-06 19:16:53,629", "name": "NBPB.NBPB_Nucleus.reverse_engine", "level": "INFO", "message": "ReverseEngineOrgan initialized (Scaffold - full implementation in v0.2).", "taskName": null}
{"timestamp": 1749230213.629486, "asctime": "2025-06-06 19:16:53,629", "name": "NBPB.NBPB_Nucleus", "level": "INFO", "message": "Successfully initialized organ: reverse_engine", "component": "NBPB_Nucleus", "taskName": null, "extra_data": {"component": "NBPB_Nucleus"}}
{"timestamp": 1749230213.6296349, "asctime": "2025-06-06 19:16:53,629", "name": "NBPB.NBPB_Nucleus.hormone_ctrl", "level": "INFO", "message": "Organ 'hormone_ctrl' initialized.", "taskName": null}
{"timestamp": 1749230213.6297545, "asctime": "2025-06-06 19:16:53,629", "name": "NBPB.NBPB_Nucleus.hormone_ctrl", "level": "INFO", "message": "HormoneCtrlOrgan 'hormone_ctrl' initialized (SCAFFOLD - full implementation in v0.2).", "taskName": null}
{"timestamp": 1749230213.6298952, "asctime": "2025-06-06 19:16:53,629", "name": "NBPB.NBPB_Nucleus", "level": "INFO", "message": "Successfully initialized organ: hormone_ctrl", "component": "NBPB_Nucleus", "taskName": null, "extra_data": {"component": "NBPB_Nucleus"}}
{"timestamp": 1749230213.6301215, "asctime": "2025-06-06 19:16:53,630", "name": "NBPB.NBPB_Nucleus", "level": "INFO", "message": "Initialized 5 organs: ['watcher', 'immuno_guard', 'loss_smith', 'reverse_engine', 'hormone_ctrl']", "component": "NBPB_Nucleus", "taskName": null, "extra_data": {"component": "NBPB_Nucleus"}}
{"timestamp": 1749230213.63028, "asctime": "2025-06-06 19:16:53,630", "name": "NBPB.PyTorchHook", "level": "INFO", "message": "PyTorchHook initialized with NBPBNucleus instance.", "component": "PyTorchHook", "taskName": null, "extra_data": {"component": "PyTorchHook"}}
